<?xml version="1.0" encoding="UTF-8"?>
<!-- Generated by org.testng.reporters.JUnitReportReporter -->
<testsuite skipped="0" hostname="CBT-MH-000" name="new_Package.Block_User" tests="1" failures="0" timestamp="31 Oct 2019 06:14:09 GMT" time="0.686" errors="0">
  <testcase name="Block_users" time="0.686" classname="new_Package.Block_User"/>
</testsuite> <!-- new_Package.Block_User -->
