<?xml version="1.0" encoding="UTF-8"?>
<!-- Generated by org.testng.reporters.JUnitReportReporter -->
<testsuite skipped="0" hostname="CBT-MH-000" name="new_Package.Post_Tweet" tests="1" failures="0" timestamp="29 Oct 2019 03:41:47 GMT" time="4.918" errors="0">
  <testcase name="Post_Tweet" time="4.918" classname="new_Package.Post_Tweet"/>
</testsuite> <!-- new_Package.Post_Tweet -->
