<?xml version="1.0" encoding="UTF-8"?>
<!-- Generated by org.testng.reporters.JUnitReportReporter -->
<testsuite skipped="0" hostname="CBT-MH-000" name="new_Package.Display_Username" tests="1" failures="0" timestamp="31 Oct 2019 06:14:09 GMT" time="5.692" errors="0">
  <testcase name="listusers" time="5.692" classname="new_Package.Display_Username"/>
</testsuite> <!-- new_Package.Display_Username -->
