<?xml version="1.0" encoding="UTF-8"?>
<!-- Generated by org.testng.reporters.JUnitReportReporter -->
<testsuite skipped="0" hostname="CBT-MH-000" name="new_Package.Search_Tweets" tests="1" failures="0" timestamp="31 Oct 2019 06:14:09 GMT" time="1.477" errors="0">
  <testcase name="search_Tweet" time="1.477" classname="new_Package.Search_Tweets"/>
</testsuite> <!-- new_Package.Search_Tweets -->
