<?xml version="1.0" encoding="UTF-8"?>
<!-- Generated by org.testng.reporters.JUnitReportReporter -->
<testsuite skipped="0" hostname="CBT-MH-000" name="new_Package.HashTag" tests="1" failures="0" timestamp="31 Oct 2019 06:14:09 GMT" time="6.197" errors="0">
  <testcase name="get_Tweet" time="6.197" classname="new_Package.HashTag"/>
</testsuite> <!-- new_Package.HashTag -->
