<?xml version="1.0" encoding="UTF-8"?>
<!-- Generated by org.testng.reporters.JUnitReportReporter -->
<testsuite skipped="0" hostname="CBT-MH-000" name="new_Package.twitter" tests="1" failures="0" timestamp="31 Oct 2019 06:14:09 GMT" time="0.588" errors="0">
  <testcase name="get_Tweet" time="0.588" classname="new_Package.twitter"/>
</testsuite> <!-- new_Package.twitter -->
